The system is: Darwin - 20.6.0 - x86_64
Compiling the C compiler identification source file "CMakeCCompilerId.c" succeeded.
Compiler: /Library/Developer/CommandLineTools/usr/bin/cc 
Build flags: 
Id flags: -c 

The output was:
0


Compilation of the C compiler identification source "CMakeCCompilerId.c" produced "CMakeCCompilerId.o"

The C compiler identification is AppleClang, found in "/Users/xfiniks/Task_2/cmake-build-relwithdebinfo/CMakeFiles/3.20.2/CompilerIdC/CMakeCCompilerId.o"

Compiling the CXX compiler identification source file "CMakeCXXCompilerId.cpp" succeeded.
Compiler: /usr/local/bin/g++-11 
Build flags: 
Id flags:  

The output was:
0


Compilation of the CXX compiler identification source "CMakeCXXCompilerId.cpp" produced "a.out"

The CXX compiler identification is GNU, found in "/Users/xfiniks/Task_2/cmake-build-relwithdebinfo/CMakeFiles/3.20.2/CompilerIdCXX/a.out"

Detecting C compiler ABI info compiled with the following output:
Change Dir: /Users/xfiniks/Task_2/cmake-build-relwithdebinfo/CMakeFiles/CMakeTmp

Run Build Command(s):/usr/bin/make -f Makefile cmTC_40d10/fast && /Library/Developer/CommandLineTools/usr/bin/make  -f CMakeFiles/cmTC_40d10.dir/build.make CMakeFiles/cmTC_40d10.dir/build
Building C object CMakeFiles/cmTC_40d10.dir/CMakeCCompilerABI.c.o
/Library/Developer/CommandLineTools/usr/bin/cc   -isysroot /Library/Developer/CommandLineTools/SDKs/MacOSX11.3.sdk   -v -Wl,-v -MD -MT CMakeFiles/cmTC_40d10.dir/CMakeCCompilerABI.c.o -MF CMakeFiles/cmTC_40d10.dir/CMakeCCompilerABI.c.o.d -o CMakeFiles/cmTC_40d10.dir/CMakeCCompilerABI.c.o -c /Applications/CLion.app/Contents/bin/cmake/mac/share/cmake-3.20/Modules/CMakeCCompilerABI.c
Apple clang version 12.0.5 (clang-1205.0.22.11)
Target: x86_64-apple-darwin20.6.0
Thread model: posix
InstalledDir: /Library/Developer/CommandLineTools/usr/bin
clang: warning: -Wl,-v: 'linker' input unused [-Wunused-command-line-argument]
 "/Library/Developer/CommandLineTools/usr/bin/clang" -cc1 -triple x86_64-apple-macosx11.0.0 -Wdeprecated-objc-isa-usage -Werror=deprecated-objc-isa-usage -Werror=implicit-function-declaration -emit-obj -mrelax-all -disable-free -disable-llvm-verifier -discard-value-names -main-file-name CMakeCCompilerABI.c -mrelocation-model pic -pic-level 2 -mframe-pointer=all -fno-strict-return -fno-rounding-math -munwind-tables -target-sdk-version=11.3 -fvisibility-inlines-hidden-static-local-var -target-cpu penryn -debugger-tuning=lldb -target-linker-version 650.9 -v -resource-dir /Library/Developer/CommandLineTools/usr/lib/clang/12.0.5 -dependency-file CMakeFiles/cmTC_40d10.dir/CMakeCCompilerABI.c.o.d -skip-unused-modulemap-deps -MT CMakeFiles/cmTC_40d10.dir/CMakeCCompilerABI.c.o -sys-header-deps -isysroot /Library/Developer/CommandLineTools/SDKs/MacOSX11.3.sdk -internal-isystem /Library/Developer/CommandLineTools/SDKs/MacOSX11.3.sdk/usr/local/include -internal-isystem /Library/Developer/CommandLineTools/usr/lib/clang/12.0.5/include -internal-externc-isystem /Library/Developer/CommandLineTools/SDKs/MacOSX11.3.sdk/usr/include -internal-externc-isystem /Library/Developer/CommandLineTools/usr/include -Wno-reorder-init-list -Wno-implicit-int-float-conversion -Wno-c99-designator -Wno-final-dtor-non-final-class -Wno-extra-semi-stmt -Wno-misleading-indentation -Wno-quoted-include-in-framework-header -Wno-implicit-fallthrough -Wno-enum-enum-conversion -Wno-enum-float-conversion -Wno-elaborated-enum-base -fdebug-compilation-dir /Users/xfiniks/Task_2/cmake-build-relwithdebinfo/CMakeFiles/CMakeTmp -ferror-limit 19 -stack-protector 1 -fstack-check -mdarwin-stkchk-strong-link -fblocks -fencode-extended-block-signature -fregister-global-dtors-with-atexit -fgnuc-version=4.2.1 -fmax-type-align=16 -fcommon -clang-vendor-feature=+disableNonDependentMemberExprInCurrentInstantiation -fno-odr-hash-protocols -mllvm -disable-aligned-alloc-awareness=1 -o CMakeFiles/cmTC_40d10.dir/CMakeCCompilerABI.c.o -x c /Applications/CLion.app/Contents/bin/cmake/mac/share/cmake-3.20/Modules/CMakeCCompilerABI.c
clang -cc1 version 12.0.5 (clang-1205.0.22.11) default target x86_64-apple-darwin20.6.0
ignoring nonexistent directory "/Library/Developer/CommandLineTools/SDKs/MacOSX11.3.sdk/usr/local/include"
ignoring nonexistent directory "/Library/Developer/CommandLineTools/SDKs/MacOSX11.3.sdk/Library/Frameworks"
#include "..." search starts here:
#include <...> search starts here:
 /Library/Developer/CommandLineTools/usr/lib/clang/12.0.5/include
 /Library/Developer/CommandLineTools/SDKs/MacOSX11.3.sdk/usr/include
 /Library/Developer/CommandLineTools/usr/include
 /Library/Developer/CommandLineTools/SDKs/MacOSX11.3.sdk/System/Library/Frameworks (framework directory)
End of search list.
Linking C executable cmTC_40d10
/Applications/CLion.app/Contents/bin/cmake/mac/bin/cmake -E cmake_link_script CMakeFiles/cmTC_40d10.dir/link.txt --verbose=1
/Library/Developer/CommandLineTools/usr/bin/cc  -isysroot /Library/Developer/CommandLineTools/SDKs/MacOSX11.3.sdk -Wl,-search_paths_first -Wl,-headerpad_max_install_names  -v -Wl,-v CMakeFiles/cmTC_40d10.dir/CMakeCCompilerABI.c.o -o cmTC_40d10 
Apple clang version 12.0.5 (clang-1205.0.22.11)
Target: x86_64-apple-darwin20.6.0
Thread model: posix
InstalledDir: /Library/Developer/CommandLineTools/usr/bin
 "/Library/Developer/CommandLineTools/usr/bin/ld" -demangle -lto_library /Library/Developer/CommandLineTools/usr/lib/libLTO.dylib -dynamic -arch x86_64 -platform_version macos 11.0.0 11.3 -syslibroot /Library/Developer/CommandLineTools/SDKs/MacOSX11.3.sdk -o cmTC_40d10 -search_paths_first -headerpad_max_install_names -v CMakeFiles/cmTC_40d10.dir/CMakeCCompilerABI.c.o -lSystem /Library/Developer/CommandLineTools/usr/lib/clang/12.0.5/lib/darwin/libclang_rt.osx.a
@(#)PROGRAM:ld  PROJECT:ld64-650.9
BUILD 13:09:02 May 28 2021
configured to support archs: armv6 armv7 armv7s arm64 arm64e arm64_32 i386 x86_64 x86_64h armv6m armv7k armv7m armv7em
Library search paths:
	/Library/Developer/CommandLineTools/SDKs/MacOSX11.3.sdk/usr/lib
Framework search paths:
	/Library/Developer/CommandLineTools/SDKs/MacOSX11.3.sdk/System/Library/Frameworks/



Parsed C implicit include dir info from above output: rv=done
  found start of include info
  found start of implicit include info
    add: [/Library/Developer/CommandLineTools/usr/lib/clang/12.0.5/include]
    add: [/Library/Developer/CommandLineTools/SDKs/MacOSX11.3.sdk/usr/include]
    add: [/Library/Developer/CommandLineTools/usr/include]
  end of search list found
  collapse include dir [/Library/Developer/CommandLineTools/usr/lib/clang/12.0.5/include] ==> [/Library/Developer/CommandLineTools/usr/lib/clang/12.0.5/include]
  collapse include dir [/Library/Developer/CommandLineTools/SDKs/MacOSX11.3.sdk/usr/include] ==> [/Library/Developer/CommandLineTools/SDKs/MacOSX11.3.sdk/usr/include]
  collapse include dir [/Library/Developer/CommandLineTools/usr/include] ==> [/Library/Developer/CommandLineTools/usr/include]
  implicit include dirs: [/Library/Developer/CommandLineTools/usr/lib/clang/12.0.5/include;/Library/Developer/CommandLineTools/SDKs/MacOSX11.3.sdk/usr/include;/Library/Developer/CommandLineTools/usr/include]


Parsed C implicit link information from above output:
  link line regex: [^( *|.*[/\])(ld|CMAKE_LINK_STARTFILE-NOTFOUND|([^/\]+-)?ld|collect2)[^/\]*( |$)]
  ignore line: [Change Dir: /Users/xfiniks/Task_2/cmake-build-relwithdebinfo/CMakeFiles/CMakeTmp]
  ignore line: []
  ignore line: [Run Build Command(s):/usr/bin/make -f Makefile cmTC_40d10/fast && /Library/Developer/CommandLineTools/usr/bin/make  -f CMakeFiles/cmTC_40d10.dir/build.make CMakeFiles/cmTC_40d10.dir/build]
  ignore line: [Building C object CMakeFiles/cmTC_40d10.dir/CMakeCCompilerABI.c.o]
  ignore line: [/Library/Developer/CommandLineTools/usr/bin/cc   -isysroot /Library/Developer/CommandLineTools/SDKs/MacOSX11.3.sdk   -v -Wl -v -MD -MT CMakeFiles/cmTC_40d10.dir/CMakeCCompilerABI.c.o -MF CMakeFiles/cmTC_40d10.dir/CMakeCCompilerABI.c.o.d -o CMakeFiles/cmTC_40d10.dir/CMakeCCompilerABI.c.o -c /Applications/CLion.app/Contents/bin/cmake/mac/share/cmake-3.20/Modules/CMakeCCompilerABI.c]
  ignore line: [Apple clang version 12.0.5 (clang-1205.0.22.11)]
  ignore line: [Target: x86_64-apple-darwin20.6.0]
  ignore line: [Thread model: posix]
  ignore line: [InstalledDir: /Library/Developer/CommandLineTools/usr/bin]
  ignore line: [clang: warning: -Wl -v: 'linker' input unused [-Wunused-command-line-argument]]
  ignore line: [ "/Library/Developer/CommandLineTools/usr/bin/clang" -cc1 -triple x86_64-apple-macosx11.0.0 -Wdeprecated-objc-isa-usage -Werror=deprecated-objc-isa-usage -Werror=implicit-function-declaration -emit-obj -mrelax-all -disable-free -disable-llvm-verifier -discard-value-names -main-file-name CMakeCCompilerABI.c -mrelocation-model pic -pic-level 2 -mframe-pointer=all -fno-strict-return -fno-rounding-math -munwind-tables -target-sdk-version=11.3 -fvisibility-inlines-hidden-static-local-var -target-cpu penryn -debugger-tuning=lldb -target-linker-version 650.9 -v -resource-dir /Library/Developer/CommandLineTools/usr/lib/clang/12.0.5 -dependency-file CMakeFiles/cmTC_40d10.dir/CMakeCCompilerABI.c.o.d -skip-unused-modulemap-deps -MT CMakeFiles/cmTC_40d10.dir/CMakeCCompilerABI.c.o -sys-header-deps -isysroot /Library/Developer/CommandLineTools/SDKs/MacOSX11.3.sdk -internal-isystem /Library/Developer/CommandLineTools/SDKs/MacOSX11.3.sdk/usr/local/include -internal-isystem /Library/Developer/CommandLineTools/usr/lib/clang/12.0.5/include -internal-externc-isystem /Library/Developer/CommandLineTools/SDKs/MacOSX11.3.sdk/usr/include -internal-externc-isystem /Library/Developer/CommandLineTools/usr/include -Wno-reorder-init-list -Wno-implicit-int-float-conversion -Wno-c99-designator -Wno-final-dtor-non-final-class -Wno-extra-semi-stmt -Wno-misleading-indentation -Wno-quoted-include-in-framework-header -Wno-implicit-fallthrough -Wno-enum-enum-conversion -Wno-enum-float-conversion -Wno-elaborated-enum-base -fdebug-compilation-dir /Users/xfiniks/Task_2/cmake-build-relwithdebinfo/CMakeFiles/CMakeTmp -ferror-limit 19 -stack-protector 1 -fstack-check -mdarwin-stkchk-strong-link -fblocks -fencode-extended-block-signature -fregister-global-dtors-with-atexit -fgnuc-version=4.2.1 -fmax-type-align=16 -fcommon -clang-vendor-feature=+disableNonDependentMemberExprInCurrentInstantiation -fno-odr-hash-protocols -mllvm -disable-aligned-alloc-awareness=1 -o CMakeFiles/cmTC_40d10.dir/CMakeCCompilerABI.c.o -x c /Applications/CLion.app/Contents/bin/cmake/mac/share/cmake-3.20/Modules/CMakeCCompilerABI.c]
  ignore line: [clang -cc1 version 12.0.5 (clang-1205.0.22.11) default target x86_64-apple-darwin20.6.0]
  ignore line: [ignoring nonexistent directory "/Library/Developer/CommandLineTools/SDKs/MacOSX11.3.sdk/usr/local/include"]
  ignore line: [ignoring nonexistent directory "/Library/Developer/CommandLineTools/SDKs/MacOSX11.3.sdk/Library/Frameworks"]
  ignore line: [#include "..." search starts here:]
  ignore line: [#include <...> search starts here:]
  ignore line: [ /Library/Developer/CommandLineTools/usr/lib/clang/12.0.5/include]
  ignore line: [ /Library/Developer/CommandLineTools/SDKs/MacOSX11.3.sdk/usr/include]
  ignore line: [ /Library/Developer/CommandLineTools/usr/include]
  ignore line: [ /Library/Developer/CommandLineTools/SDKs/MacOSX11.3.sdk/System/Library/Frameworks (framework directory)]
  ignore line: [End of search list.]
  ignore line: [Linking C executable cmTC_40d10]
  ignore line: [/Applications/CLion.app/Contents/bin/cmake/mac/bin/cmake -E cmake_link_script CMakeFiles/cmTC_40d10.dir/link.txt --verbose=1]
  ignore line: [/Library/Developer/CommandLineTools/usr/bin/cc  -isysroot /Library/Developer/CommandLineTools/SDKs/MacOSX11.3.sdk -Wl -search_paths_first -Wl -headerpad_max_install_names  -v -Wl -v CMakeFiles/cmTC_40d10.dir/CMakeCCompilerABI.c.o -o cmTC_40d10 ]
  ignore line: [Apple clang version 12.0.5 (clang-1205.0.22.11)]
  ignore line: [Target: x86_64-apple-darwin20.6.0]
  ignore line: [Thread model: posix]
  ignore line: [InstalledDir: /Library/Developer/CommandLineTools/usr/bin]
  link line: [ "/Library/Developer/CommandLineTools/usr/bin/ld" -demangle -lto_library /Library/Developer/CommandLineTools/usr/lib/libLTO.dylib -dynamic -arch x86_64 -platform_version macos 11.0.0 11.3 -syslibroot /Library/Developer/CommandLineTools/SDKs/MacOSX11.3.sdk -o cmTC_40d10 -search_paths_first -headerpad_max_install_names -v CMakeFiles/cmTC_40d10.dir/CMakeCCompilerABI.c.o -lSystem /Library/Developer/CommandLineTools/usr/lib/clang/12.0.5/lib/darwin/libclang_rt.osx.a]
    arg [/Library/Developer/CommandLineTools/usr/bin/ld] ==> ignore
    arg [-demangle] ==> ignore
    arg [-lto_library] ==> ignore, skip following value
    arg [/Library/Developer/CommandLineTools/usr/lib/libLTO.dylib] ==> skip value of -lto_library
    arg [-dynamic] ==> ignore
    arg [-arch] ==> ignore
    arg [x86_64] ==> ignore
    arg [-platform_version] ==> ignore
    arg [macos] ==> ignore
    arg [11.0.0] ==> ignore
    arg [11.3] ==> ignore
    arg [-syslibroot] ==> ignore
    arg [/Library/Developer/CommandLineTools/SDKs/MacOSX11.3.sdk] ==> ignore
    arg [-o] ==> ignore
    arg [cmTC_40d10] ==> ignore
    arg [-search_paths_first] ==> ignore
    arg [-headerpad_max_install_names] ==> ignore
    arg [-v] ==> ignore
    arg [CMakeFiles/cmTC_40d10.dir/CMakeCCompilerABI.c.o] ==> ignore
    arg [-lSystem] ==> lib [System]
    arg [/Library/Developer/CommandLineTools/usr/lib/clang/12.0.5/lib/darwin/libclang_rt.osx.a] ==> lib [/Library/Developer/CommandLineTools/usr/lib/clang/12.0.5/lib/darwin/libclang_rt.osx.a]
  Library search paths: [;/Library/Developer/CommandLineTools/SDKs/MacOSX11.3.sdk/usr/lib]
  Framework search paths: [;/Library/Developer/CommandLineTools/SDKs/MacOSX11.3.sdk/System/Library/Frameworks/]
  remove lib [System]
  remove lib [/Library/Developer/CommandLineTools/usr/lib/clang/12.0.5/lib/darwin/libclang_rt.osx.a]
  collapse library dir [/Library/Developer/CommandLineTools/SDKs/MacOSX11.3.sdk/usr/lib] ==> [/Library/Developer/CommandLineTools/SDKs/MacOSX11.3.sdk/usr/lib]
  collapse framework dir [/Library/Developer/CommandLineTools/SDKs/MacOSX11.3.sdk/System/Library/Frameworks/] ==> [/Library/Developer/CommandLineTools/SDKs/MacOSX11.3.sdk/System/Library/Frameworks]
  implicit libs: []
  implicit objs: []
  implicit dirs: [/Library/Developer/CommandLineTools/SDKs/MacOSX11.3.sdk/usr/lib]
  implicit fwks: [/Library/Developer/CommandLineTools/SDKs/MacOSX11.3.sdk/System/Library/Frameworks]


Detecting CXX compiler ABI info compiled with the following output:
Change Dir: /Users/xfiniks/Task_2/cmake-build-relwithdebinfo/CMakeFiles/CMakeTmp

Run Build Command(s):/usr/bin/make -f Makefile cmTC_e766b/fast && /Library/Developer/CommandLineTools/usr/bin/make  -f CMakeFiles/cmTC_e766b.dir/build.make CMakeFiles/cmTC_e766b.dir/build
Building CXX object CMakeFiles/cmTC_e766b.dir/CMakeCXXCompilerABI.cpp.o
/usr/local/bin/g++-11   -isysroot /Library/Developer/CommandLineTools/SDKs/MacOSX11.3.sdk   -v -Wl,-v -o CMakeFiles/cmTC_e766b.dir/CMakeCXXCompilerABI.cpp.o -c /Applications/CLion.app/Contents/bin/cmake/mac/share/cmake-3.20/Modules/CMakeCXXCompilerABI.cpp
Using built-in specs.
COLLECT_GCC=/usr/local/bin/g++-11
Target: x86_64-apple-darwin20
Configured with: ../configure --prefix=/usr/local/Cellar/gcc/11.2.0 --libdir=/usr/local/Cellar/gcc/11.2.0/lib/gcc/11 --disable-nls --enable-checking=release --enable-languages=c,c++,objc,obj-c++,fortran,d --program-suffix=-11 --with-gmp=/usr/local/opt/gmp --with-mpfr=/usr/local/opt/mpfr --with-mpc=/usr/local/opt/libmpc --with-isl=/usr/local/opt/isl --with-zstd=/usr/local/opt/zstd --with-pkgversion='Homebrew GCC 11.2.0' --with-bugurl=https://github.com/Homebrew/homebrew-core/issues --enable-libphobos --build=x86_64-apple-darwin20 --with-system-zlib --disable-multilib --without-build-config --with-native-system-header-dir=/usr/include --with-sysroot=/Library/Developer/CommandLineTools/SDKs/MacOSX.sdk
Thread model: posix
Supported LTO compression algorithms: zlib zstd
gcc version 11.2.0 (Homebrew GCC 11.2.0) 
COLLECT_GCC_OPTIONS='-isysroot' '/Library/Developer/CommandLineTools/SDKs/MacOSX11.3.sdk' '-v' '-o' 'CMakeFiles/cmTC_e766b.dir/CMakeCXXCompilerABI.cpp.o' '-c' '-mmacosx-version-min=11.5.0' '-asm_macosx_version_min=11.5' '-shared-libgcc' '-mtune=core2' '-dumpdir' 'CMakeFiles/cmTC_e766b.dir/'
 /usr/local/Cellar/gcc/11.2.0/libexec/gcc/x86_64-apple-darwin20/11.2.0/cc1plus -quiet -v -D__DYNAMIC__ -isysroot /Library/Developer/CommandLineTools/SDKs/MacOSX11.3.sdk /Applications/CLion.app/Contents/bin/cmake/mac/share/cmake-3.20/Modules/CMakeCXXCompilerABI.cpp -fPIC -quiet -dumpdir CMakeFiles/cmTC_e766b.dir/ -dumpbase CMakeCXXCompilerABI.cpp.cpp -dumpbase-ext .cpp -mmacosx-version-min=11.5.0 -mtune=core2 -version -o /var/folders/3y/q89y70ss5593vftn2x97dwdw0000gn/T//ccVHPHe2.s
GNU C++17 (Homebrew GCC 11.2.0) version 11.2.0 (x86_64-apple-darwin20)
	compiled by GNU C version 11.2.0, GMP version 6.2.1, MPFR version 4.1.0, MPC version 1.2.1, isl version isl-0.24-GMP

GGC heuristics: --param ggc-min-expand=100 --param ggc-min-heapsize=131072
ignoring nonexistent directory "/Library/Developer/CommandLineTools/SDKs/MacOSX11.3.sdk/usr/local/include"
ignoring nonexistent directory "/usr/local/Cellar/gcc/11.2.0/lib/gcc/11/gcc/x86_64-apple-darwin20/11.2.0/../../../../../../x86_64-apple-darwin20/include"
ignoring nonexistent directory "/Library/Developer/CommandLineTools/SDKs/MacOSX11.3.sdk/Library/Frameworks"
#include "..." search starts here:
#include <...> search starts here:
 /usr/local/Cellar/gcc/11.2.0/lib/gcc/11/gcc/x86_64-apple-darwin20/11.2.0/../../../../../../include/c++/11.2.0
 /usr/local/Cellar/gcc/11.2.0/lib/gcc/11/gcc/x86_64-apple-darwin20/11.2.0/../../../../../../include/c++/11.2.0/x86_64-apple-darwin20
 /usr/local/Cellar/gcc/11.2.0/lib/gcc/11/gcc/x86_64-apple-darwin20/11.2.0/../../../../../../include/c++/11.2.0/backward
 /usr/local/Cellar/gcc/11.2.0/lib/gcc/11/gcc/x86_64-apple-darwin20/11.2.0/include
 /usr/local/Cellar/gcc/11.2.0/lib/gcc/11/gcc/x86_64-apple-darwin20/11.2.0/include-fixed
 /Library/Developer/CommandLineTools/SDKs/MacOSX11.3.sdk/usr/include
 /Library/Developer/CommandLineTools/SDKs/MacOSX11.3.sdk/System/Library/Frameworks
End of search list.
GNU C++17 (Homebrew GCC 11.2.0) version 11.2.0 (x86_64-apple-darwin20)
	compiled by GNU C version 11.2.0, GMP version 6.2.1, MPFR version 4.1.0, MPC version 1.2.1, isl version isl-0.24-GMP

GGC heuristics: --param ggc-min-expand=100 --param ggc-min-heapsize=131072
Compiler executable checksum: 09f116a85e818557ee589f278a09053c
COLLECT_GCC_OPTIONS='-isysroot' '/Library/Developer/CommandLineTools/SDKs/MacOSX11.3.sdk' '-v' '-o' 'CMakeFiles/cmTC_e766b.dir/CMakeCXXCompilerABI.cpp.o' '-c' '-mmacosx-version-min=11.5.0'  '-shared-libgcc' '-mtune=core2' '-dumpdir' 'CMakeFiles/cmTC_e766b.dir/'
 as -arch x86_64 -v -force_cpusubtype_ALL -mmacosx-version-min=11.5 -o CMakeFiles/cmTC_e766b.dir/CMakeCXXCompilerABI.cpp.o /var/folders/3y/q89y70ss5593vftn2x97dwdw0000gn/T//ccVHPHe2.s
Apple clang version 12.0.5 (clang-1205.0.22.11)
Target: x86_64-apple-darwin20.6.0
Thread model: posix
InstalledDir: /Library/Developer/CommandLineTools/usr/bin
 "/Library/Developer/CommandLineTools/usr/bin/clang" -cc1as -triple x86_64-apple-macosx11.5.0 -filetype obj -main-file-name ccVHPHe2.s -target-cpu penryn -fdebug-compilation-dir /Users/xfiniks/Task_2/cmake-build-relwithdebinfo/CMakeFiles/CMakeTmp -dwarf-debug-producer "Apple clang version 12.0.5 (clang-1205.0.22.11)" -dwarf-version=4 -mrelocation-model pic -mllvm -disable-aligned-alloc-awareness=1 -o CMakeFiles/cmTC_e766b.dir/CMakeCXXCompilerABI.cpp.o /var/folders/3y/q89y70ss5593vftn2x97dwdw0000gn/T//ccVHPHe2.s
COMPILER_PATH=/usr/local/Cellar/gcc/11.2.0/libexec/gcc/x86_64-apple-darwin20/11.2.0/:/usr/local/Cellar/gcc/11.2.0/libexec/gcc/x86_64-apple-darwin20/11.2.0/:/usr/local/Cellar/gcc/11.2.0/libexec/gcc/x86_64-apple-darwin20/:/usr/local/Cellar/gcc/11.2.0/lib/gcc/11/gcc/x86_64-apple-darwin20/11.2.0/:/usr/local/Cellar/gcc/11.2.0/lib/gcc/11/gcc/x86_64-apple-darwin20/
LIBRARY_PATH=/usr/local/Cellar/gcc/11.2.0/lib/gcc/11/gcc/x86_64-apple-darwin20/11.2.0/:/usr/local/Cellar/gcc/11.2.0/lib/gcc/11/gcc/x86_64-apple-darwin20/11.2.0/../../../
COLLECT_GCC_OPTIONS='-isysroot' '/Library/Developer/CommandLineTools/SDKs/MacOSX11.3.sdk' '-v' '-o' 'CMakeFiles/cmTC_e766b.dir/CMakeCXXCompilerABI.cpp.o' '-c' '-mmacosx-version-min=11.5.0'  '-shared-libgcc' '-mtune=core2' '-dumpdir' 'CMakeFiles/cmTC_e766b.dir/CMakeCXXCompilerABI.cpp.'
Linking CXX executable cmTC_e766b
/Applications/CLion.app/Contents/bin/cmake/mac/bin/cmake -E cmake_link_script CMakeFiles/cmTC_e766b.dir/link.txt --verbose=1
/usr/local/bin/g++-11  -isysroot /Library/Developer/CommandLineTools/SDKs/MacOSX11.3.sdk -Wl,-search_paths_first -Wl,-headerpad_max_install_names  -v -Wl,-v CMakeFiles/cmTC_e766b.dir/CMakeCXXCompilerABI.cpp.o -o cmTC_e766b 
Using built-in specs.
COLLECT_GCC=/usr/local/bin/g++-11
COLLECT_LTO_WRAPPER=/usr/local/Cellar/gcc/11.2.0/libexec/gcc/x86_64-apple-darwin20/11.2.0/lto-wrapper
Target: x86_64-apple-darwin20
Configured with: ../configure --prefix=/usr/local/Cellar/gcc/11.2.0 --libdir=/usr/local/Cellar/gcc/11.2.0/lib/gcc/11 --disable-nls --enable-checking=release --enable-languages=c,c++,objc,obj-c++,fortran,d --program-suffix=-11 --with-gmp=/usr/local/opt/gmp --with-mpfr=/usr/local/opt/mpfr --with-mpc=/usr/local/opt/libmpc --with-isl=/usr/local/opt/isl --with-zstd=/usr/local/opt/zstd --with-pkgversion='Homebrew GCC 11.2.0' --with-bugurl=https://github.com/Homebrew/homebrew-core/issues --enable-libphobos --build=x86_64-apple-darwin20 --with-system-zlib --disable-multilib --without-build-config --with-native-system-header-dir=/usr/include --with-sysroot=/Library/Developer/CommandLineTools/SDKs/MacOSX.sdk
Thread model: posix
Supported LTO compression algorithms: zlib zstd
gcc version 11.2.0 (Homebrew GCC 11.2.0) 
COMPILER_PATH=/usr/local/Cellar/gcc/11.2.0/libexec/gcc/x86_64-apple-darwin20/11.2.0/:/usr/local/Cellar/gcc/11.2.0/libexec/gcc/x86_64-apple-darwin20/11.2.0/:/usr/local/Cellar/gcc/11.2.0/libexec/gcc/x86_64-apple-darwin20/:/usr/local/Cellar/gcc/11.2.0/lib/gcc/11/gcc/x86_64-apple-darwin20/11.2.0/:/usr/local/Cellar/gcc/11.2.0/lib/gcc/11/gcc/x86_64-apple-darwin20/
LIBRARY_PATH=/usr/local/Cellar/gcc/11.2.0/lib/gcc/11/gcc/x86_64-apple-darwin20/11.2.0/:/usr/local/Cellar/gcc/11.2.0/lib/gcc/11/gcc/x86_64-apple-darwin20/11.2.0/../../../
COLLECT_GCC_OPTIONS='-isysroot' '/Library/Developer/CommandLineTools/SDKs/MacOSX11.3.sdk' '-v' '-o' 'cmTC_e766b' '-mmacosx-version-min=11.5.0' '-asm_macosx_version_min=11.5' '-shared-libgcc' '-mtune=core2' '-dumpdir' 'cmTC_e766b.'
 /usr/local/Cellar/gcc/11.2.0/libexec/gcc/x86_64-apple-darwin20/11.2.0/collect2 -dynamic -arch x86_64 -macosx_version_min 11.5.0 -syslibroot /Library/Developer/CommandLineTools/SDKs/MacOSX11.3.sdk -weak_reference_mismatches non-weak -o cmTC_e766b -L/usr/local/Cellar/gcc/11.2.0/lib/gcc/11/gcc/x86_64-apple-darwin20/11.2.0 -L/usr/local/Cellar/gcc/11.2.0/lib/gcc/11/gcc/x86_64-apple-darwin20/11.2.0/../../.. -search_paths_first -headerpad_max_install_names -v CMakeFiles/cmTC_e766b.dir/CMakeCXXCompilerABI.cpp.o -lstdc++ -lSystem -lgcc_ext.10.5 -lgcc -lSystem -no_compact_unwind -v
collect2 version 11.2.0
/usr/bin/ld -dynamic -arch x86_64 -macosx_version_min 11.5.0 -syslibroot /Library/Developer/CommandLineTools/SDKs/MacOSX11.3.sdk -weak_reference_mismatches non-weak -o cmTC_e766b -L/usr/local/Cellar/gcc/11.2.0/lib/gcc/11/gcc/x86_64-apple-darwin20/11.2.0 -L/usr/local/Cellar/gcc/11.2.0/lib/gcc/11/gcc/x86_64-apple-darwin20/11.2.0/../../.. -search_paths_first -headerpad_max_install_names -v CMakeFiles/cmTC_e766b.dir/CMakeCXXCompilerABI.cpp.o -lstdc++ -lSystem -lgcc_ext.10.5 -lgcc -lSystem -no_compact_unwind -v
@(#)PROGRAM:ld  PROJECT:ld64-650.9
BUILD 13:09:02 May 28 2021
configured to support archs: armv6 armv7 armv7s arm64 arm64e arm64_32 i386 x86_64 x86_64h armv6m armv7k armv7m armv7em
@(#)PROGRAM:ld  PROJECT:ld64-650.9
BUILD 13:09:02 May 28 2021
configured to support archs: armv6 armv7 armv7s arm64 arm64e arm64_32 i386 x86_64 x86_64h armv6m armv7k armv7m armv7em
Library search paths:
	/usr/local/Cellar/gcc/11.2.0/lib/gcc/11/gcc/x86_64-apple-darwin20/11.2.0
	/usr/local/Cellar/gcc/11.2.0/lib/gcc/11
	/Library/Developer/CommandLineTools/SDKs/MacOSX11.3.sdk/usr/lib
Framework search paths:
	/Library/Developer/CommandLineTools/SDKs/MacOSX11.3.sdk/System/Library/Frameworks/



Parsed CXX implicit include dir info from above output: rv=done
  found start of include info
  found start of implicit include info
    add: [/usr/local/Cellar/gcc/11.2.0/lib/gcc/11/gcc/x86_64-apple-darwin20/11.2.0/../../../../../../include/c++/11.2.0]
    add: [/usr/local/Cellar/gcc/11.2.0/lib/gcc/11/gcc/x86_64-apple-darwin20/11.2.0/../../../../../../include/c++/11.2.0/x86_64-apple-darwin20]
    add: [/usr/local/Cellar/gcc/11.2.0/lib/gcc/11/gcc/x86_64-apple-darwin20/11.2.0/../../../../../../include/c++/11.2.0/backward]
    add: [/usr/local/Cellar/gcc/11.2.0/lib/gcc/11/gcc/x86_64-apple-darwin20/11.2.0/include]
    add: [/usr/local/Cellar/gcc/11.2.0/lib/gcc/11/gcc/x86_64-apple-darwin20/11.2.0/include-fixed]
    add: [/Library/Developer/CommandLineTools/SDKs/MacOSX11.3.sdk/usr/include]
    add: [/Library/Developer/CommandLineTools/SDKs/MacOSX11.3.sdk/System/Library/Frameworks]
  end of search list found
  collapse include dir [/usr/local/Cellar/gcc/11.2.0/lib/gcc/11/gcc/x86_64-apple-darwin20/11.2.0/../../../../../../include/c++/11.2.0] ==> [/usr/local/Cellar/gcc/11.2.0/include/c++/11.2.0]
  collapse include dir [/usr/local/Cellar/gcc/11.2.0/lib/gcc/11/gcc/x86_64-apple-darwin20/11.2.0/../../../../../../include/c++/11.2.0/x86_64-apple-darwin20] ==> [/usr/local/Cellar/gcc/11.2.0/include/c++/11.2.0/x86_64-apple-darwin20]
  collapse include dir [/usr/local/Cellar/gcc/11.2.0/lib/gcc/11/gcc/x86_64-apple-darwin20/11.2.0/../../../../../../include/c++/11.2.0/backward] ==> [/usr/local/Cellar/gcc/11.2.0/include/c++/11.2.0/backward]
  collapse include dir [/usr/local/Cellar/gcc/11.2.0/lib/gcc/11/gcc/x86_64-apple-darwin20/11.2.0/include] ==> [/usr/local/Cellar/gcc/11.2.0/lib/gcc/11/gcc/x86_64-apple-darwin20/11.2.0/include]
  collapse include dir [/usr/local/Cellar/gcc/11.2.0/lib/gcc/11/gcc/x86_64-apple-darwin20/11.2.0/include-fixed] ==> [/usr/local/Cellar/gcc/11.2.0/lib/gcc/11/gcc/x86_64-apple-darwin20/11.2.0/include-fixed]
  collapse include dir [/Library/Developer/CommandLineTools/SDKs/MacOSX11.3.sdk/usr/include] ==> [/Library/Developer/CommandLineTools/SDKs/MacOSX11.3.sdk/usr/include]
  collapse include dir [/Library/Developer/CommandLineTools/SDKs/MacOSX11.3.sdk/System/Library/Frameworks] ==> [/Library/Developer/CommandLineTools/SDKs/MacOSX11.3.sdk/System/Library/Frameworks]
  implicit include dirs: [/usr/local/Cellar/gcc/11.2.0/include/c++/11.2.0;/usr/local/Cellar/gcc/11.2.0/include/c++/11.2.0/x86_64-apple-darwin20;/usr/local/Cellar/gcc/11.2.0/include/c++/11.2.0/backward;/usr/local/Cellar/gcc/11.2.0/lib/gcc/11/gcc/x86_64-apple-darwin20/11.2.0/include;/usr/local/Cellar/gcc/11.2.0/lib/gcc/11/gcc/x86_64-apple-darwin20/11.2.0/include-fixed;/Library/Developer/CommandLineTools/SDKs/MacOSX11.3.sdk/usr/include;/Library/Developer/CommandLineTools/SDKs/MacOSX11.3.sdk/System/Library/Frameworks]


Parsed CXX implicit link information from above output:
  link line regex: [^( *|.*[/\])(ld|CMAKE_LINK_STARTFILE-NOTFOUND|([^/\]+-)?ld|collect2)[^/\]*( |$)]
  ignore line: [Change Dir: /Users/xfiniks/Task_2/cmake-build-relwithdebinfo/CMakeFiles/CMakeTmp]
  ignore line: []
  ignore line: [Run Build Command(s):/usr/bin/make -f Makefile cmTC_e766b/fast && /Library/Developer/CommandLineTools/usr/bin/make  -f CMakeFiles/cmTC_e766b.dir/build.make CMakeFiles/cmTC_e766b.dir/build]
  ignore line: [Building CXX object CMakeFiles/cmTC_e766b.dir/CMakeCXXCompilerABI.cpp.o]
  ignore line: [/usr/local/bin/g++-11   -isysroot /Library/Developer/CommandLineTools/SDKs/MacOSX11.3.sdk   -v -Wl -v -o CMakeFiles/cmTC_e766b.dir/CMakeCXXCompilerABI.cpp.o -c /Applications/CLion.app/Contents/bin/cmake/mac/share/cmake-3.20/Modules/CMakeCXXCompilerABI.cpp]
  ignore line: [Using built-in specs.]
  ignore line: [COLLECT_GCC=/usr/local/bin/g++-11]
  ignore line: [Target: x86_64-apple-darwin20]
  ignore line: [Configured with: ../configure --prefix=/usr/local/Cellar/gcc/11.2.0 --libdir=/usr/local/Cellar/gcc/11.2.0/lib/gcc/11 --disable-nls --enable-checking=release --enable-languages=c c++ objc obj-c++ fortran d --program-suffix=-11 --with-gmp=/usr/local/opt/gmp --with-mpfr=/usr/local/opt/mpfr --with-mpc=/usr/local/opt/libmpc --with-isl=/usr/local/opt/isl --with-zstd=/usr/local/opt/zstd --with-pkgversion='Homebrew GCC 11.2.0' --with-bugurl=https://github.com/Homebrew/homebrew-core/issues --enable-libphobos --build=x86_64-apple-darwin20 --with-system-zlib --disable-multilib --without-build-config --with-native-system-header-dir=/usr/include --with-sysroot=/Library/Developer/CommandLineTools/SDKs/MacOSX.sdk]
  ignore line: [Thread model: posix]
  ignore line: [Supported LTO compression algorithms: zlib zstd]
  ignore line: [gcc version 11.2.0 (Homebrew GCC 11.2.0) ]
  ignore line: [COLLECT_GCC_OPTIONS='-isysroot' '/Library/Developer/CommandLineTools/SDKs/MacOSX11.3.sdk' '-v' '-o' 'CMakeFiles/cmTC_e766b.dir/CMakeCXXCompilerABI.cpp.o' '-c' '-mmacosx-version-min=11.5.0' '-asm_macosx_version_min=11.5' '-shared-libgcc' '-mtune=core2' '-dumpdir' 'CMakeFiles/cmTC_e766b.dir/']
  ignore line: [ /usr/local/Cellar/gcc/11.2.0/libexec/gcc/x86_64-apple-darwin20/11.2.0/cc1plus -quiet -v -D__DYNAMIC__ -isysroot /Library/Developer/CommandLineTools/SDKs/MacOSX11.3.sdk /Applications/CLion.app/Contents/bin/cmake/mac/share/cmake-3.20/Modules/CMakeCXXCompilerABI.cpp -fPIC -quiet -dumpdir CMakeFiles/cmTC_e766b.dir/ -dumpbase CMakeCXXCompilerABI.cpp.cpp -dumpbase-ext .cpp -mmacosx-version-min=11.5.0 -mtune=core2 -version -o /var/folders/3y/q89y70ss5593vftn2x97dwdw0000gn/T//ccVHPHe2.s]
  ignore line: [GNU C++17 (Homebrew GCC 11.2.0) version 11.2.0 (x86_64-apple-darwin20)]
  ignore line: [	compiled by GNU C version 11.2.0  GMP version 6.2.1  MPFR version 4.1.0  MPC version 1.2.1  isl version isl-0.24-GMP]
  ignore line: []
  ignore line: [GGC heuristics: --param ggc-min-expand=100 --param ggc-min-heapsize=131072]
  ignore line: [ignoring nonexistent directory "/Library/Developer/CommandLineTools/SDKs/MacOSX11.3.sdk/usr/local/include"]
  ignore line: [ignoring nonexistent directory "/usr/local/Cellar/gcc/11.2.0/lib/gcc/11/gcc/x86_64-apple-darwin20/11.2.0/../../../../../../x86_64-apple-darwin20/include"]
  ignore line: [ignoring nonexistent directory "/Library/Developer/CommandLineTools/SDKs/MacOSX11.3.sdk/Library/Frameworks"]
  ignore line: [#include "..." search starts here:]
  ignore line: [#include <...> search starts here:]
  ignore line: [ /usr/local/Cellar/gcc/11.2.0/lib/gcc/11/gcc/x86_64-apple-darwin20/11.2.0/../../../../../../include/c++/11.2.0]
  ignore line: [ /usr/local/Cellar/gcc/11.2.0/lib/gcc/11/gcc/x86_64-apple-darwin20/11.2.0/../../../../../../include/c++/11.2.0/x86_64-apple-darwin20]
  ignore line: [ /usr/local/Cellar/gcc/11.2.0/lib/gcc/11/gcc/x86_64-apple-darwin20/11.2.0/../../../../../../include/c++/11.2.0/backward]
  ignore line: [ /usr/local/Cellar/gcc/11.2.0/lib/gcc/11/gcc/x86_64-apple-darwin20/11.2.0/include]
  ignore line: [ /usr/local/Cellar/gcc/11.2.0/lib/gcc/11/gcc/x86_64-apple-darwin20/11.2.0/include-fixed]
  ignore line: [ /Library/Developer/CommandLineTools/SDKs/MacOSX11.3.sdk/usr/include]
  ignore line: [ /Library/Developer/CommandLineTools/SDKs/MacOSX11.3.sdk/System/Library/Frameworks]
  ignore line: [End of search list.]
  ignore line: [GNU C++17 (Homebrew GCC 11.2.0) version 11.2.0 (x86_64-apple-darwin20)]
  ignore line: [	compiled by GNU C version 11.2.0  GMP version 6.2.1  MPFR version 4.1.0  MPC version 1.2.1  isl version isl-0.24-GMP]
  ignore line: []
  ignore line: [GGC heuristics: --param ggc-min-expand=100 --param ggc-min-heapsize=131072]
  ignore line: [Compiler executable checksum: 09f116a85e818557ee589f278a09053c]
  ignore line: [COLLECT_GCC_OPTIONS='-isysroot' '/Library/Developer/CommandLineTools/SDKs/MacOSX11.3.sdk' '-v' '-o' 'CMakeFiles/cmTC_e766b.dir/CMakeCXXCompilerABI.cpp.o' '-c' '-mmacosx-version-min=11.5.0'  '-shared-libgcc' '-mtune=core2' '-dumpdir' 'CMakeFiles/cmTC_e766b.dir/']
  ignore line: [ as -arch x86_64 -v -force_cpusubtype_ALL -mmacosx-version-min=11.5 -o CMakeFiles/cmTC_e766b.dir/CMakeCXXCompilerABI.cpp.o /var/folders/3y/q89y70ss5593vftn2x97dwdw0000gn/T//ccVHPHe2.s]
  ignore line: [Apple clang version 12.0.5 (clang-1205.0.22.11)]
  ignore line: [Target: x86_64-apple-darwin20.6.0]
  ignore line: [Thread model: posix]
  ignore line: [InstalledDir: /Library/Developer/CommandLineTools/usr/bin]
  ignore line: [ "/Library/Developer/CommandLineTools/usr/bin/clang" -cc1as -triple x86_64-apple-macosx11.5.0 -filetype obj -main-file-name ccVHPHe2.s -target-cpu penryn -fdebug-compilation-dir /Users/xfiniks/Task_2/cmake-build-relwithdebinfo/CMakeFiles/CMakeTmp -dwarf-debug-producer "Apple clang version 12.0.5 (clang-1205.0.22.11)" -dwarf-version=4 -mrelocation-model pic -mllvm -disable-aligned-alloc-awareness=1 -o CMakeFiles/cmTC_e766b.dir/CMakeCXXCompilerABI.cpp.o /var/folders/3y/q89y70ss5593vftn2x97dwdw0000gn/T//ccVHPHe2.s]
  ignore line: [COMPILER_PATH=/usr/local/Cellar/gcc/11.2.0/libexec/gcc/x86_64-apple-darwin20/11.2.0/:/usr/local/Cellar/gcc/11.2.0/libexec/gcc/x86_64-apple-darwin20/11.2.0/:/usr/local/Cellar/gcc/11.2.0/libexec/gcc/x86_64-apple-darwin20/:/usr/local/Cellar/gcc/11.2.0/lib/gcc/11/gcc/x86_64-apple-darwin20/11.2.0/:/usr/local/Cellar/gcc/11.2.0/lib/gcc/11/gcc/x86_64-apple-darwin20/]
  ignore line: [LIBRARY_PATH=/usr/local/Cellar/gcc/11.2.0/lib/gcc/11/gcc/x86_64-apple-darwin20/11.2.0/:/usr/local/Cellar/gcc/11.2.0/lib/gcc/11/gcc/x86_64-apple-darwin20/11.2.0/../../../]
  ignore line: [COLLECT_GCC_OPTIONS='-isysroot' '/Library/Developer/CommandLineTools/SDKs/MacOSX11.3.sdk' '-v' '-o' 'CMakeFiles/cmTC_e766b.dir/CMakeCXXCompilerABI.cpp.o' '-c' '-mmacosx-version-min=11.5.0'  '-shared-libgcc' '-mtune=core2' '-dumpdir' 'CMakeFiles/cmTC_e766b.dir/CMakeCXXCompilerABI.cpp.']
  ignore line: [Linking CXX executable cmTC_e766b]
  ignore line: [/Applications/CLion.app/Contents/bin/cmake/mac/bin/cmake -E cmake_link_script CMakeFiles/cmTC_e766b.dir/link.txt --verbose=1]
  ignore line: [/usr/local/bin/g++-11  -isysroot /Library/Developer/CommandLineTools/SDKs/MacOSX11.3.sdk -Wl -search_paths_first -Wl -headerpad_max_install_names  -v -Wl -v CMakeFiles/cmTC_e766b.dir/CMakeCXXCompilerABI.cpp.o -o cmTC_e766b ]
  ignore line: [Using built-in specs.]
  ignore line: [COLLECT_GCC=/usr/local/bin/g++-11]
  ignore line: [COLLECT_LTO_WRAPPER=/usr/local/Cellar/gcc/11.2.0/libexec/gcc/x86_64-apple-darwin20/11.2.0/lto-wrapper]
  ignore line: [Target: x86_64-apple-darwin20]
  ignore line: [Configured with: ../configure --prefix=/usr/local/Cellar/gcc/11.2.0 --libdir=/usr/local/Cellar/gcc/11.2.0/lib/gcc/11 --disable-nls --enable-checking=release --enable-languages=c c++ objc obj-c++ fortran d --program-suffix=-11 --with-gmp=/usr/local/opt/gmp --with-mpfr=/usr/local/opt/mpfr --with-mpc=/usr/local/opt/libmpc --with-isl=/usr/local/opt/isl --with-zstd=/usr/local/opt/zstd --with-pkgversion='Homebrew GCC 11.2.0' --with-bugurl=https://github.com/Homebrew/homebrew-core/issues --enable-libphobos --build=x86_64-apple-darwin20 --with-system-zlib --disable-multilib --without-build-config --with-native-system-header-dir=/usr/include --with-sysroot=/Library/Developer/CommandLineTools/SDKs/MacOSX.sdk]
  ignore line: [Thread model: posix]
  ignore line: [Supported LTO compression algorithms: zlib zstd]
  ignore line: [gcc version 11.2.0 (Homebrew GCC 11.2.0) ]
  ignore line: [COMPILER_PATH=/usr/local/Cellar/gcc/11.2.0/libexec/gcc/x86_64-apple-darwin20/11.2.0/:/usr/local/Cellar/gcc/11.2.0/libexec/gcc/x86_64-apple-darwin20/11.2.0/:/usr/local/Cellar/gcc/11.2.0/libexec/gcc/x86_64-apple-darwin20/:/usr/local/Cellar/gcc/11.2.0/lib/gcc/11/gcc/x86_64-apple-darwin20/11.2.0/:/usr/local/Cellar/gcc/11.2.0/lib/gcc/11/gcc/x86_64-apple-darwin20/]
  ignore line: [LIBRARY_PATH=/usr/local/Cellar/gcc/11.2.0/lib/gcc/11/gcc/x86_64-apple-darwin20/11.2.0/:/usr/local/Cellar/gcc/11.2.0/lib/gcc/11/gcc/x86_64-apple-darwin20/11.2.0/../../../]
  ignore line: [COLLECT_GCC_OPTIONS='-isysroot' '/Library/Developer/CommandLineTools/SDKs/MacOSX11.3.sdk' '-v' '-o' 'cmTC_e766b' '-mmacosx-version-min=11.5.0' '-asm_macosx_version_min=11.5' '-shared-libgcc' '-mtune=core2' '-dumpdir' 'cmTC_e766b.']
  link line: [ /usr/local/Cellar/gcc/11.2.0/libexec/gcc/x86_64-apple-darwin20/11.2.0/collect2 -dynamic -arch x86_64 -macosx_version_min 11.5.0 -syslibroot /Library/Developer/CommandLineTools/SDKs/MacOSX11.3.sdk -weak_reference_mismatches non-weak -o cmTC_e766b -L/usr/local/Cellar/gcc/11.2.0/lib/gcc/11/gcc/x86_64-apple-darwin20/11.2.0 -L/usr/local/Cellar/gcc/11.2.0/lib/gcc/11/gcc/x86_64-apple-darwin20/11.2.0/../../.. -search_paths_first -headerpad_max_install_names -v CMakeFiles/cmTC_e766b.dir/CMakeCXXCompilerABI.cpp.o -lstdc++ -lSystem -lgcc_ext.10.5 -lgcc -lSystem -no_compact_unwind -v]
    arg [/usr/local/Cellar/gcc/11.2.0/libexec/gcc/x86_64-apple-darwin20/11.2.0/collect2] ==> ignore
    arg [-dynamic] ==> ignore
    arg [-arch] ==> ignore
    arg [x86_64] ==> ignore
    arg [-macosx_version_min] ==> ignore
    arg [11.5.0] ==> ignore
    arg [-syslibroot] ==> ignore
    arg [/Library/Developer/CommandLineTools/SDKs/MacOSX11.3.sdk] ==> ignore
    arg [-weak_reference_mismatches] ==> ignore
    arg [non-weak] ==> ignore
    arg [-o] ==> ignore
    arg [cmTC_e766b] ==> ignore
    arg [-L/usr/local/Cellar/gcc/11.2.0/lib/gcc/11/gcc/x86_64-apple-darwin20/11.2.0] ==> dir [/usr/local/Cellar/gcc/11.2.0/lib/gcc/11/gcc/x86_64-apple-darwin20/11.2.0]
    arg [-L/usr/local/Cellar/gcc/11.2.0/lib/gcc/11/gcc/x86_64-apple-darwin20/11.2.0/../../..] ==> dir [/usr/local/Cellar/gcc/11.2.0/lib/gcc/11/gcc/x86_64-apple-darwin20/11.2.0/../../..]
    arg [-search_paths_first] ==> ignore
    arg [-headerpad_max_install_names] ==> ignore
    arg [-v] ==> ignore
    arg [CMakeFiles/cmTC_e766b.dir/CMakeCXXCompilerABI.cpp.o] ==> ignore
    arg [-lstdc++] ==> lib [stdc++]
    arg [-lSystem] ==> lib [System]
    arg [-lgcc_ext.10.5] ==> lib [gcc_ext.10.5]
    arg [-lgcc] ==> lib [gcc]
    arg [-lSystem] ==> lib [System]
    arg [-no_compact_unwind] ==> ignore
    arg [-v] ==> ignore
  Library search paths: [;/usr/local/Cellar/gcc/11.2.0/lib/gcc/11/gcc/x86_64-apple-darwin20/11.2.0;/usr/local/Cellar/gcc/11.2.0/lib/gcc/11;/Library/Developer/CommandLineTools/SDKs/MacOSX11.3.sdk/usr/lib]
  Framework search paths: [;/Library/Developer/CommandLineTools/SDKs/MacOSX11.3.sdk/System/Library/Frameworks/]
  remove lib [System]
  remove lib [System]
  collapse library dir [/usr/local/Cellar/gcc/11.2.0/lib/gcc/11/gcc/x86_64-apple-darwin20/11.2.0] ==> [/usr/local/Cellar/gcc/11.2.0/lib/gcc/11/gcc/x86_64-apple-darwin20/11.2.0]
  collapse library dir [/usr/local/Cellar/gcc/11.2.0/lib/gcc/11/gcc/x86_64-apple-darwin20/11.2.0/../../..] ==> [/usr/local/Cellar/gcc/11.2.0/lib/gcc/11]
  collapse library dir [/usr/local/Cellar/gcc/11.2.0/lib/gcc/11/gcc/x86_64-apple-darwin20/11.2.0] ==> [/usr/local/Cellar/gcc/11.2.0/lib/gcc/11/gcc/x86_64-apple-darwin20/11.2.0]
  collapse library dir [/usr/local/Cellar/gcc/11.2.0/lib/gcc/11] ==> [/usr/local/Cellar/gcc/11.2.0/lib/gcc/11]
  collapse library dir [/Library/Developer/CommandLineTools/SDKs/MacOSX11.3.sdk/usr/lib] ==> [/Library/Developer/CommandLineTools/SDKs/MacOSX11.3.sdk/usr/lib]
  collapse framework dir [/Library/Developer/CommandLineTools/SDKs/MacOSX11.3.sdk/System/Library/Frameworks/] ==> [/Library/Developer/CommandLineTools/SDKs/MacOSX11.3.sdk/System/Library/Frameworks]
  implicit libs: [stdc++;gcc_ext.10.5;gcc]
  implicit objs: []
  implicit dirs: [/usr/local/Cellar/gcc/11.2.0/lib/gcc/11/gcc/x86_64-apple-darwin20/11.2.0;/usr/local/Cellar/gcc/11.2.0/lib/gcc/11;/Library/Developer/CommandLineTools/SDKs/MacOSX11.3.sdk/usr/lib]
  implicit fwks: [/Library/Developer/CommandLineTools/SDKs/MacOSX11.3.sdk/System/Library/Frameworks]


